Copyright 1986-2022 Xilinx, Inc. All Rights Reserved. Copyright 2022-2025 Advanced Micro Devices, Inc. All Rights Reserved.
--------------------------------------------------------------------------------------------------------------------------------------------------
| Tool Version      : Vivado v.2025.2 (lin64) Build 6299465 Fri Nov 14 12:34:56 MST 2025
| Date              : Wed Jan 21 08:28:24 2026
| Host              : ub24 running 64-bit Ubuntu 24.04.3 LTS
| Command           : report_timing_summary -file ./results/timing.rpt
| Design            : top
| Device            : xcve2302-sfva784
| Speed File        : -1LP  PRODUCTION 2.04 2025-08-19
| Design State      : Routed
| Temperature Grade : E
--------------------------------------------------------------------------------------------------------------------------------------------------

Timing Summary Report

------------------------------------------------------------------------------------------------
| Timer Settings
| --------------
------------------------------------------------------------------------------------------------

  Enable Multi Corner Analysis               :  Yes
  Enable Pessimism Removal                   :  Yes
  Pessimism Removal Resolution               :  Nearest Common Node
  Enable Input Delay Default Clock           :  No
  Enable Preset / Clear Arcs                 :  No
  Disable Flight Delays                      :  No
  Ignore I/O Paths                           :  No
  Timing Early Launch at Borrowing Latches   :  No
  Borrow Time for Max Delay Exceptions       :  Yes
  Merge Timing Exceptions                    :  Yes
  Inter-SLR Compensation                     :  Conservative

  Corner  Analyze    Analyze    
  Name    Max Paths  Min Paths  
  ------  ---------  ---------  
  Slow    Yes        Yes        
  Fast    Yes        Yes        


------------------------------------------------------------------------------------------------
| Report Methodology
| ------------------
------------------------------------------------------------------------------------------------

Rule      Severity  Description                                 Violations  
--------  --------  ------------------------------------------  ----------  
AVAL-344  Warning   Design_needs_USER_RAM_AVERAGE_ACTIVITY_set  1           

Note: This report is based on the most recent report_methodology run and may not be up-to-date. Run report_methodology on the current design for the latest report.



check_timing report

Table of Contents
-----------------
1. checking no_clock (0)
2. checking constant_clock (0)
3. checking pulse_width_clock (0)
4. checking unconstrained_internal_endpoints (0)
5. checking no_input_delay (0)
6. checking no_output_delay (0)
7. checking multiple_clock (0)
8. checking generated_clocks (0)
9. checking loops (0)
10. checking partial_input_delay (0)
11. checking partial_output_delay (0)
12. checking latch_loops (0)

1. checking no_clock (0)
------------------------
 There are 0 register/latch pins with no clock.


2. checking constant_clock (0)
------------------------------
 There are 0 register/latch pins with constant_clock.


3. checking pulse_width_clock (0)
---------------------------------
 There are 0 register/latch pins which need pulse_width check


4. checking unconstrained_internal_endpoints (0)
------------------------------------------------
 There are 0 pins that are not constrained for maximum delay.

 There are 0 pins that are not constrained for maximum delay due to constant clock.


5. checking no_input_delay (0)
------------------------------
 There are 0 input ports with no input delay specified.

 There are 0 input ports with no input delay but user has a false path constraint.


6. checking no_output_delay (0)
-------------------------------
 There are 0 ports with no output delay specified.

 There are 0 ports with no output delay but user has a false path constraint

 There are 0 ports with no output delay but with a timing clock defined on it or propagating through it


7. checking multiple_clock (0)
------------------------------
 There are 0 register/latch pins with multiple clocks.


8. checking generated_clocks (0)
--------------------------------
 There are 0 generated clocks that are not connected to a clock source.


9. checking loops (0)
---------------------
 There are 0 combinational loops in the design.


10. checking partial_input_delay (0)
------------------------------------
 There are 0 input ports with partial input delay specified.


11. checking partial_output_delay (0)
-------------------------------------
 There are 0 ports with partial output delay specified.


12. checking latch_loops (0)
----------------------------
 There are 0 combinational latch loops in the design through latch input



------------------------------------------------------------------------------------------------
| Design Timing Summary
| ---------------------
------------------------------------------------------------------------------------------------

    WNS(ns)      TNS(ns)  TNS Failing Endpoints  TNS Total Endpoints      WHS(ns)      THS(ns)  THS Failing Endpoints  THS Total Endpoints     WPWS(ns)     TPWS(ns)  TPWS Failing Endpoints  TPWS Total Endpoints  
    -------      -------  ---------------------  -------------------      -------      -------  ---------------------  -------------------     --------     --------  ----------------------  --------------------  
      4.929        0.000                      0                23323        0.003        0.000                      0                23323        3.000        0.000                       0                  7549  


All user specified timing constraints are met.


------------------------------------------------------------------------------------------------
| Clock Summary
| -------------
------------------------------------------------------------------------------------------------

Clock     Waveform(ns)       Period(ns)      Frequency(MHz)
-----     ------------       ----------      --------------
clk_pl_0  {0.000 5.000}      10.000          100.000         


------------------------------------------------------------------------------------------------
| Intra Clock Table
| -----------------
------------------------------------------------------------------------------------------------

Clock             WNS(ns)      TNS(ns)  TNS Failing Endpoints  TNS Total Endpoints      WHS(ns)      THS(ns)  THS Failing Endpoints  THS Total Endpoints     WPWS(ns)     TPWS(ns)  TPWS Failing Endpoints  TPWS Total Endpoints  
-----             -------      -------  ---------------------  -------------------      -------      -------  ---------------------  -------------------     --------     --------  ----------------------  --------------------  
clk_pl_0            4.929        0.000                      0                23323        0.003        0.000                      0                23323        3.000        0.000                       0                  7549  


------------------------------------------------------------------------------------------------
| Inter Clock Table
| -----------------
------------------------------------------------------------------------------------------------

From Clock    To Clock          WNS(ns)      TNS(ns)  TNS Failing Endpoints  TNS Total Endpoints      WHS(ns)      THS(ns)  THS Failing Endpoints  THS Total Endpoints  
----------    --------          -------      -------  ---------------------  -------------------      -------      -------  ---------------------  -------------------  


------------------------------------------------------------------------------------------------
| Other Path Groups Table
| -----------------------
------------------------------------------------------------------------------------------------

Path Group    From Clock    To Clock          WNS(ns)      TNS(ns)  TNS Failing Endpoints  TNS Total Endpoints      WHS(ns)      THS(ns)  THS Failing Endpoints  THS Total Endpoints  
----------    ----------    --------          -------      -------  ---------------------  -------------------      -------      -------  ---------------------  -------------------  


------------------------------------------------------------------------------------------------
| Timing Details
| --------------
------------------------------------------------------------------------------------------------


---------------------------------------------------------------------------------------------------
From Clock:  clk_pl_0
  To Clock:  clk_pl_0

Setup :            0  Failing Endpoints,  Worst Slack        4.929ns,  Total Violation        0.000ns
Hold  :            0  Failing Endpoints,  Worst Slack        0.003ns,  Total Violation        0.000ns
PW    :            0  Failing Endpoints,  Worst Slack        3.000ns,  Total Violation        0.000ns
---------------------------------------------------------------------------------------------------


Max Delay Paths
--------------------------------------------------------------------------------------
Slack (MET) :             4.929ns  (required time - arrival time)
  Source:                 system_inst/axi_smc/inst/s00_entry_pipeline/s00_mmu/inst/w_sreg/state_reg[m_valid_i]_fret/C
                            (rising edge-triggered cell FDRE clocked by clk_pl_0  {rise@0.000ns fall@5.000ns period=10.000ns})
  Destination:            system_inst/axi_smc/inst/s00_nodes/s00_w_node/inst/inst_mi_handler/gen_normal_area.inst_fifo_node_payld/gen_xpm_memory_fifo.inst_fifo/gen_wr.afull_r_reg/D
                            (rising edge-triggered cell FDSE clocked by clk_pl_0  {rise@0.000ns fall@5.000ns period=10.000ns})
  Path Group:             clk_pl_0
  Path Type:              Setup (Max at Slow Process Corner)
  Requirement:            10.000ns  (clk_pl_0 rise@10.000ns - clk_pl_0 rise@0.000ns)
  Data Path Delay:        4.616ns  (logic 1.055ns (22.858%)  route 3.561ns (77.142%))
  Logic Levels:           8  (LUT2=1 LUT3=2 LUT4=2 LUT5=1 LUT6=2)
  Clock Path Skew:        -0.340ns (DCD - SCD + CPR)
    Destination Clock Delay (DCD):    1.814ns = ( 11.814 - 10.000 ) 
    Source Clock Delay      (SCD):    2.246ns
    Clock Pessimism Removal (CPR):    0.092ns
  Clock Uncertainty:      0.114ns  (CJ)/2 + PE + PJ
    Clock Jitter             (CJ):    0.227ns
    Phase Error              (PE):    0.000ns
    Phase Jitter             (PJ):    0.000ns
  Clock Net Delay (Source):      2.105ns (routing 0.261ns, distribution 1.844ns)
  Clock Net Delay (Destination): 1.742ns (routing 0.238ns, distribution 1.504ns)

    Location             Delay type                Incr(ns)  Path(ns)    Netlist Resource(s)
  -------------------------------------------------------------------    -------------------
                         (clock clk_pl_0 rise edge)
                                                      0.000     0.000 r  
    PS9_X0Y0             PS9                          0.000     0.000 r  system_inst/versal_cips_0/inst/pspmc_0/inst/PS9_inst/PMCRCLKCLK[0]
                         net (fo=1, routed)           0.000     0.000    system_inst/versal_cips_0/inst/pspmc_0/inst/pmc_pl_ref_clk[0]
    BUFG_PS_X0Y6         BUFG_PS (Prop_BUFG_PS_I_O)
                                                      0.141     0.141 r  system_inst/versal_cips_0/inst/pspmc_0/inst/buffer_pl_clk_0.PL_CLK_0_BUFG/O
    X1Y1 (CLOCK_ROOT)    net (fo=7548, routed)        2.105     2.246    system_inst/axi_smc/inst/s00_entry_pipeline/s00_mmu/inst/w_sreg/aclk
    SLICE_X42Y92         FDRE                                         r  system_inst/axi_smc/inst/s00_entry_pipeline/s00_mmu/inst/w_sreg/state_reg[m_valid_i]_fret/C
  -------------------------------------------------------------------    -------------------
    SLICE_X42Y92         FDRE (Prop_FFF2_SLICEL_C_Q)
                                                      0.125     2.371 r  system_inst/axi_smc/inst/s00_entry_pipeline/s00_mmu/inst/w_sreg/state_reg[m_valid_i]_fret/Q
                         net (fo=20, routed)          0.711     3.082    system_inst/axi_smc/inst/s00_entry_pipeline/s00_si_converter/inst/converter.low_area_converter.low_area_wrap_inst/s_axi_wvalid
    SLICE_X50Y82         LUT4 (Prop_F5LUT_SLICEL_I1_O)
                                                      0.206     3.288 r  system_inst/axi_smc/inst/s00_entry_pipeline/s00_si_converter/inst/converter.low_area_converter.low_area_wrap_inst/s_axi_wready_INST_0_i_3/O
                         net (fo=2, routed)           0.320     3.608    system_inst/axi_smc/inst/s00_entry_pipeline/s00_si_converter/inst/converter.low_area_converter.low_area_wrap_inst/s_axi_wready_INST_0_i_3_n_0
    SLICE_X50Y84         LUT4 (Prop_D6LUT_SLICEL_I1_O)
                                                      0.067     3.675 r  system_inst/axi_smc/inst/s00_entry_pipeline/s00_si_converter/inst/converter.low_area_converter.low_area_wrap_inst/s_axi_wready_INST_0_i_1/O
                         net (fo=9, routed)           0.515     4.190    system_inst/axi_smc/inst/s00_entry_pipeline/s00_si_converter/inst/converter.low_area_converter.low_area_wrap_inst/s_axi_wready_INST_0_i_1_n_0
    SLICE_X38Y93         LUT5 (Prop_H5LUT_SLICEL_I1_O)
                                                      0.119     4.309 f  system_inst/axi_smc/inst/s00_entry_pipeline/s00_si_converter/inst/converter.low_area_converter.low_area_wrap_inst/m_axi_wvalid_INST_0/O
                         net (fo=1, routed)           0.462     4.771    system_inst/axi_smc/inst/s00_nodes/s00_w_node/inst/inst_si_handler/s_sc_send[0]
    SLICE_X54Y92         LUT2 (Prop_A6LUT_SLICEL_I0_O)
                                                      0.129     4.900 f  system_inst/axi_smc/inst/s00_nodes/s00_w_node/inst/inst_si_handler/count_r[5]_i_1__2/O
                         net (fo=43, routed)          0.381     5.281    system_inst/axi_smc/inst/s00_nodes/s00_w_node/inst/inst_mi_handler/gen_normal_area.inst_fifo_node_payld/gen_xpm_memory_fifo.inst_fifo/gen_wr.inst_wr_addra_p1/s_sc_valid
    SLICE_X54Y76         LUT3 (Prop_F5LUT_SLICEL_I0_O)
                                                      0.138     5.419 r  system_inst/axi_smc/inst/s00_nodes/s00_w_node/inst/inst_mi_handler/gen_normal_area.inst_fifo_node_payld/gen_xpm_memory_fifo.inst_fifo/gen_wr.inst_wr_addra_p1/gen_wr.afull_r_i_10/O
                         net (fo=3, routed)           0.426     5.845    system_inst/axi_smc/inst/s00_nodes/s00_w_node/inst/inst_mi_handler/gen_normal_area.inst_fifo_node_payld/gen_xpm_memory_fifo.inst_fifo/gen_wr.inst_wr_addra_p1/gen_wr.afull_r_i_10_n_0
    SLICE_X56Y76         LUT3 (Prop_G5LUT_SLICEL_I0_O)
                                                      0.118     5.963 r  system_inst/axi_smc/inst/s00_nodes/s00_w_node/inst/inst_mi_handler/gen_normal_area.inst_fifo_node_payld/gen_xpm_memory_fifo.inst_fifo/gen_wr.inst_wr_addra_p1/gen_wr.afull_r_i_4/O
                         net (fo=2, routed)           0.383     6.346    system_inst/axi_smc/inst/s00_nodes/s00_w_node/inst/inst_mi_handler/gen_normal_area.inst_fifo_node_payld/gen_xpm_memory_fifo.inst_fifo/gen_wr.inst_wr_addra_p1/gen_wr.afull_r_i_4_n_0
    SLICE_X56Y76         LUT6 (Prop_A6LUT_SLICEL_I4_O)
                                                      0.041     6.387 r  system_inst/axi_smc/inst/s00_nodes/s00_w_node/inst/inst_mi_handler/gen_normal_area.inst_fifo_node_payld/gen_xpm_memory_fifo.inst_fifo/gen_wr.inst_wr_addra_p1/gen_wr.afull_r_i_6/O
                         net (fo=1, routed)           0.282     6.669    system_inst/axi_smc/inst/s00_nodes/s00_w_node/inst/inst_mi_handler/gen_normal_area.inst_fifo_node_payld/gen_xpm_memory_fifo.inst_fifo/gen_wr.inst_wr_addra_p1/gen_wr.afull_r2__23
    SLICE_X56Y76         LUT6 (Prop_E6LUT_SLICEL_I5_O)
                                                      0.112     6.781 r  system_inst/axi_smc/inst/s00_nodes/s00_w_node/inst/inst_mi_handler/gen_normal_area.inst_fifo_node_payld/gen_xpm_memory_fifo.inst_fifo/gen_wr.inst_wr_addra_p1/gen_wr.afull_r_i_1/O
                         net (fo=1, routed)           0.081     6.862    system_inst/axi_smc/inst/s00_nodes/s00_w_node/inst/inst_mi_handler/gen_normal_area.inst_fifo_node_payld/gen_xpm_memory_fifo.inst_fifo/gen_wr.afull_r0
    SLICE_X56Y76         FDSE                                         r  system_inst/axi_smc/inst/s00_nodes/s00_w_node/inst/inst_mi_handler/gen_normal_area.inst_fifo_node_payld/gen_xpm_memory_fifo.inst_fifo/gen_wr.afull_r_reg/D
  -------------------------------------------------------------------    -------------------

                         (clock clk_pl_0 rise edge)
                                                     10.000    10.000 r  
    PS9_X0Y0             PS9                          0.000    10.000 r  system_inst/versal_cips_0/inst/pspmc_0/inst/PS9_inst/PMCRCLKCLK[0]
                         net (fo=1, routed)           0.000    10.000    system_inst/versal_cips_0/inst/pspmc_0/inst/pmc_pl_ref_clk[0]
    BUFG_PS_X0Y6         BUFG_PS (Prop_BUFG_PS_I_O)
                                                      0.072    10.072 r  system_inst/versal_cips_0/inst/pspmc_0/inst/buffer_pl_clk_0.PL_CLK_0_BUFG/O
    X1Y1 (CLOCK_ROOT)    net (fo=7548, routed)        1.742    11.814    system_inst/axi_smc/inst/s00_nodes/s00_w_node/inst/inst_mi_handler/gen_normal_area.inst_fifo_node_payld/gen_xpm_memory_fifo.inst_fifo/s_sc_aclk
    SLICE_X56Y76         FDSE                                         r  system_inst/axi_smc/inst/s00_nodes/s00_w_node/inst/inst_mi_handler/gen_normal_area.inst_fifo_node_payld/gen_xpm_memory_fifo.inst_fifo/gen_wr.afull_r_reg/C
                         clock pessimism              0.092    11.906    
                         clock uncertainty           -0.114    11.792    
    SLICE_X56Y76         FDSE (Setup_EFF2_SLICEL_C_D)
                                                     -0.002    11.790    system_inst/axi_smc/inst/s00_nodes/s00_w_node/inst/inst_mi_handler/gen_normal_area.inst_fifo_node_payld/gen_xpm_memory_fifo.inst_fifo/gen_wr.afull_r_reg
  -------------------------------------------------------------------
                         required time                         11.790    
                         arrival time                          -6.862    
  -------------------------------------------------------------------
                         slack                                  4.929    





Min Delay Paths
--------------------------------------------------------------------------------------
Slack (MET) :             0.003ns  (arrival time - required time)
  Source:                 system_inst/axi_smc/inst/m00_exit_pipeline/m00_exit/inst/w_reg/skid2vector_q_reg/C
                            (rising edge-triggered cell FDRE clocked by clk_pl_0  {rise@0.000ns fall@5.000ns period=10.000ns})
  Destination:            system_inst/axi_smc/inst/m00_exit_pipeline/m00_exit/inst/w_reg/m_vector_i_reg[1053]/D
                            (rising edge-triggered cell FDRE clocked by clk_pl_0  {rise@0.000ns fall@5.000ns period=10.000ns})
  Path Group:             clk_pl_0
  Path Type:              Hold (Min at Slow Process Corner)
  Requirement:            0.000ns  (clk_pl_0 rise@0.000ns - clk_pl_0 rise@0.000ns)
  Data Path Delay:        0.368ns  (logic 0.175ns (47.511%)  route 0.193ns (52.489%))
  Logic Levels:           1  (LUT3=1)
  Clock Path Skew:        0.318ns (DCD - SCD - CPR)
    Destination Clock Delay (DCD):    2.209ns
    Source Clock Delay      (SCD):    1.806ns
    Clock Pessimism Removal (CPR):    0.085ns
  Clock Net Delay (Source):      1.734ns (routing 0.238ns, distribution 1.496ns)
  Clock Net Delay (Destination): 2.068ns (routing 0.261ns, distribution 1.807ns)

    Location             Delay type                Incr(ns)  Path(ns)    Netlist Resource(s)
  -------------------------------------------------------------------    -------------------
                         (clock clk_pl_0 rise edge)
                                                      0.000     0.000 r  
    PS9_X0Y0             PS9                          0.000     0.000 r  system_inst/versal_cips_0/inst/pspmc_0/inst/PS9_inst/PMCRCLKCLK[0]
                         net (fo=1, routed)           0.000     0.000    system_inst/versal_cips_0/inst/pspmc_0/inst/pmc_pl_ref_clk[0]
    BUFG_PS_X0Y6         BUFG_PS (Prop_BUFG_PS_I_O)
                                                      0.072     0.072 r  system_inst/versal_cips_0/inst/pspmc_0/inst/buffer_pl_clk_0.PL_CLK_0_BUFG/O
    X1Y1 (CLOCK_ROOT)    net (fo=7548, routed)        1.734     1.806    system_inst/axi_smc/inst/m00_exit_pipeline/m00_exit/inst/w_reg/aclk
    SLICE_X61Y91         FDRE                                         r  system_inst/axi_smc/inst/m00_exit_pipeline/m00_exit/inst/w_reg/skid2vector_q_reg/C
  -------------------------------------------------------------------    -------------------
    SLICE_X61Y91         FDRE (Prop_CFF2_SLICEM_C_Q)
                                                      0.090     1.896 r  system_inst/axi_smc/inst/m00_exit_pipeline/m00_exit/inst/w_reg/skid2vector_q_reg/Q
                         net (fo=37, routed)          0.166     2.063    system_inst/axi_smc/inst/m00_exit_pipeline/m00_exit/inst/w_reg/skid2vector_q
    SLICE_X61Y92         LUT3 (Prop_G6LUT_SLICEM_I2_O)
                                                      0.085     2.148 r  system_inst/axi_smc/inst/m00_exit_pipeline/m00_exit/inst/w_reg/m_vector_i[1053]_i_1/O
                         net (fo=1, routed)           0.027     2.175    system_inst/axi_smc/inst/m00_exit_pipeline/m00_exit/inst/w_reg/m_vector_i[1053]_i_1_n_0
    SLICE_X61Y92         FDRE                                         r  system_inst/axi_smc/inst/m00_exit_pipeline/m00_exit/inst/w_reg/m_vector_i_reg[1053]/D
  -------------------------------------------------------------------    -------------------

                         (clock clk_pl_0 rise edge)
                                                      0.000     0.000 r  
    PS9_X0Y0             PS9                          0.000     0.000 r  system_inst/versal_cips_0/inst/pspmc_0/inst/PS9_inst/PMCRCLKCLK[0]
                         net (fo=1, routed)           0.000     0.000    system_inst/versal_cips_0/inst/pspmc_0/inst/pmc_pl_ref_clk[0]
    BUFG_PS_X0Y6         BUFG_PS (Prop_BUFG_PS_I_O)
                                                      0.141     0.141 r  system_inst/versal_cips_0/inst/pspmc_0/inst/buffer_pl_clk_0.PL_CLK_0_BUFG/O
    X1Y1 (CLOCK_ROOT)    net (fo=7548, routed)        2.068     2.209    system_inst/axi_smc/inst/m00_exit_pipeline/m00_exit/inst/w_reg/aclk
    SLICE_X61Y92         FDRE                                         r  system_inst/axi_smc/inst/m00_exit_pipeline/m00_exit/inst/w_reg/m_vector_i_reg[1053]/C
                         clock pessimism             -0.085     2.124    
    SLICE_X61Y92         FDRE (Hold_GFF2_SLICEM_C_D)
                                                      0.048     2.172    system_inst/axi_smc/inst/m00_exit_pipeline/m00_exit/inst/w_reg/m_vector_i_reg[1053]
  -------------------------------------------------------------------
                         required time                         -2.172    
                         arrival time                           2.175    
  -------------------------------------------------------------------
                         slack                                  0.003    





Pulse Width Checks
--------------------------------------------------------------------------------------
Clock Name:         clk_pl_0
Waveform(ns):       { 0.000 5.000 }
Period(ns):         10.000
Sources:            { system_inst/versal_cips_0/inst/pspmc_0/inst/PS9_inst/PMCRCLKCLK[0] }

Check Type        Corner  Lib Pin          Reference Pin  Required(ns)  Actual(ns)  Slack(ns)  Location  Pin
Min Period        n/a     PS9/MAXIGP2ACLK  n/a            4.000         10.000      6.000      PS9_X0Y0  system_inst/versal_cips_0/inst/pspmc_0/inst/PS9_inst/MAXIGP2ACLK
Low Pulse Width   Slow    PS9/MAXIGP2ACLK  n/a            2.000         5.000       3.000      PS9_X0Y0  system_inst/versal_cips_0/inst/pspmc_0/inst/PS9_inst/MAXIGP2ACLK
High Pulse Width  Slow    PS9/MAXIGP2ACLK  n/a            2.000         5.000       3.000      PS9_X0Y0  system_inst/versal_cips_0/inst/pspmc_0/inst/PS9_inst/MAXIGP2ACLK



