Copyright 1986-2022 Xilinx, Inc. All Rights Reserved. Copyright 2022-2025 Advanced Micro Devices, Inc. All Rights Reserved.
--------------------------------------------------------------------------------------------------------------------------------------------------
| Tool Version      : Vivado v.2025.2 (lin64) Build 6299465 Fri Nov 14 12:34:56 MST 2025
| Date              : Sat Jan 17 19:55:04 2026
| Host              : WD850X2TB running 64-bit Ubuntu 24.04.3 LTS
| Command           : report_timing_summary -file ./results/timing.rpt
| Design            : top
| Device            : xcve2302-sfva784
| Speed File        : -1LP  PRODUCTION 2.04 2025-08-19
| Design State      : Routed
| Temperature Grade : E
--------------------------------------------------------------------------------------------------------------------------------------------------

Timing Summary Report

------------------------------------------------------------------------------------------------
| Timer Settings
| --------------
------------------------------------------------------------------------------------------------

  Enable Multi Corner Analysis               :  Yes
  Enable Pessimism Removal                   :  Yes
  Pessimism Removal Resolution               :  Nearest Common Node
  Enable Input Delay Default Clock           :  No
  Enable Preset / Clear Arcs                 :  No
  Disable Flight Delays                      :  No
  Ignore I/O Paths                           :  No
  Timing Early Launch at Borrowing Latches   :  No
  Borrow Time for Max Delay Exceptions       :  Yes
  Merge Timing Exceptions                    :  Yes
  Inter-SLR Compensation                     :  Conservative

  Corner  Analyze    Analyze    
  Name    Max Paths  Min Paths  
  ------  ---------  ---------  
  Slow    Yes        Yes        
  Fast    Yes        Yes        


------------------------------------------------------------------------------------------------
| Report Methodology
| ------------------
------------------------------------------------------------------------------------------------

Rule      Severity  Description                                 Violations  
--------  --------  ------------------------------------------  ----------  
AVAL-344  Warning   Design_needs_USER_RAM_AVERAGE_ACTIVITY_set  1           

Note: This report is based on the most recent report_methodology run and may not be up-to-date. Run report_methodology on the current design for the latest report.



check_timing report

Table of Contents
-----------------
1. checking no_clock (0)
2. checking constant_clock (0)
3. checking pulse_width_clock (0)
4. checking unconstrained_internal_endpoints (0)
5. checking no_input_delay (0)
6. checking no_output_delay (0)
7. checking multiple_clock (0)
8. checking generated_clocks (0)
9. checking loops (0)
10. checking partial_input_delay (0)
11. checking partial_output_delay (0)
12. checking latch_loops (0)

1. checking no_clock (0)
------------------------
 There are 0 register/latch pins with no clock.


2. checking constant_clock (0)
------------------------------
 There are 0 register/latch pins with constant_clock.


3. checking pulse_width_clock (0)
---------------------------------
 There are 0 register/latch pins which need pulse_width check


4. checking unconstrained_internal_endpoints (0)
------------------------------------------------
 There are 0 pins that are not constrained for maximum delay.

 There are 0 pins that are not constrained for maximum delay due to constant clock.


5. checking no_input_delay (0)
------------------------------
 There are 0 input ports with no input delay specified.

 There are 0 input ports with no input delay but user has a false path constraint.


6. checking no_output_delay (0)
-------------------------------
 There are 0 ports with no output delay specified.

 There are 0 ports with no output delay but user has a false path constraint

 There are 0 ports with no output delay but with a timing clock defined on it or propagating through it


7. checking multiple_clock (0)
------------------------------
 There are 0 register/latch pins with multiple clocks.


8. checking generated_clocks (0)
--------------------------------
 There are 0 generated clocks that are not connected to a clock source.


9. checking loops (0)
---------------------
 There are 0 combinational loops in the design.


10. checking partial_input_delay (0)
------------------------------------
 There are 0 input ports with partial input delay specified.


11. checking partial_output_delay (0)
-------------------------------------
 There are 0 ports with partial output delay specified.


12. checking latch_loops (0)
----------------------------
 There are 0 combinational latch loops in the design through latch input



------------------------------------------------------------------------------------------------
| Design Timing Summary
| ---------------------
------------------------------------------------------------------------------------------------

    WNS(ns)      TNS(ns)  TNS Failing Endpoints  TNS Total Endpoints      WHS(ns)      THS(ns)  THS Failing Endpoints  THS Total Endpoints     WPWS(ns)     TPWS(ns)  TPWS Failing Endpoints  TPWS Total Endpoints  
    -------      -------  ---------------------  -------------------      -------      -------  ---------------------  -------------------     --------     --------  ----------------------  --------------------  
      0.874        0.000                      0                 1467        0.082        0.000                      0                 1467        0.002        0.000                       0                   751  


All user specified timing constraints are met.


------------------------------------------------------------------------------------------------
| Clock Summary
| -------------
------------------------------------------------------------------------------------------------

Clock                      Waveform(ns)           Period(ns)      Frequency(MHz)
-----                      ------------           ----------      --------------
clk_pl_0                   {0.000 2.083}          4.166           240.038         
lpddr4_clk1_clk_p          {0.000 2.500}          5.000           200.000         
  bank1_clkout0            {0.000 0.541}          1.081           925.000         
    pll_clktoxphy[0]       {0.000 0.135}          0.270           3700.000        
  bank1_xpll0_fifo_rd_clk  {0.000 0.541}          1.081           925.000         
  mc_clk_xpll              {0.000 0.541}          1.081           925.000         
  pll_clk_xpll             {0.000 0.135}          0.270           3699.997        


------------------------------------------------------------------------------------------------
| Intra Clock Table
| -----------------
------------------------------------------------------------------------------------------------

Clock                          WNS(ns)      TNS(ns)  TNS Failing Endpoints  TNS Total Endpoints      WHS(ns)      THS(ns)  THS Failing Endpoints  THS Total Endpoints     WPWS(ns)     TPWS(ns)  TPWS Failing Endpoints  TPWS Total Endpoints  
-----                          -------      -------  ---------------------  -------------------      -------      -------  ---------------------  -------------------     --------     --------  ----------------------  --------------------  
clk_pl_0                         0.874        0.000                      0                 1467        0.082        0.000                      0                 1467        1.030        0.000                       0                   708  
lpddr4_clk1_clk_p                                                                                                                                                            2.109        0.000                       0                     1  
  bank1_clkout0                                                                                                                                                              0.010        0.000                       0                     2  
    pll_clktoxphy[0]                                                                                                                                                         0.002        0.000                       0                    10  
  bank1_xpll0_fifo_rd_clk                                                                                                                                                    0.009        0.000                       0                    19  
  mc_clk_xpll                                                                                                                                                                0.010        0.000                       0                     1  
  pll_clk_xpll                                                                                                                                                               0.002        0.000                       0                    10  


------------------------------------------------------------------------------------------------
| Inter Clock Table
| -----------------
------------------------------------------------------------------------------------------------

From Clock    To Clock          WNS(ns)      TNS(ns)  TNS Failing Endpoints  TNS Total Endpoints      WHS(ns)      THS(ns)  THS Failing Endpoints  THS Total Endpoints  
----------    --------          -------      -------  ---------------------  -------------------      -------      -------  ---------------------  -------------------  


------------------------------------------------------------------------------------------------
| Other Path Groups Table
| -----------------------
------------------------------------------------------------------------------------------------

Path Group    From Clock    To Clock          WNS(ns)      TNS(ns)  TNS Failing Endpoints  TNS Total Endpoints      WHS(ns)      THS(ns)  THS Failing Endpoints  THS Total Endpoints  
----------    ----------    --------          -------      -------  ---------------------  -------------------      -------      -------  ---------------------  -------------------  


------------------------------------------------------------------------------------------------
| Timing Details
| --------------
------------------------------------------------------------------------------------------------


---------------------------------------------------------------------------------------------------
From Clock:  clk_pl_0
  To Clock:  clk_pl_0

Setup :            0  Failing Endpoints,  Worst Slack        0.874ns,  Total Violation        0.000ns
Hold  :            0  Failing Endpoints,  Worst Slack        0.082ns,  Total Violation        0.000ns
PW    :            0  Failing Endpoints,  Worst Slack        1.030ns,  Total Violation        0.000ns
---------------------------------------------------------------------------------------------------


Max Delay Paths
--------------------------------------------------------------------------------------
Slack (MET) :             0.874ns  (required time - arrival time)
  Source:                 system_i/axi_noc_0/inst/M00_AXI_nsu/bd_04bc_M00_AXI_nsu_0_top_INST/NOC_NSU512_INST/CLK
                            (rising edge-triggered cell NOC_NSU512 clocked by clk_pl_0  {rise@0.000ns fall@2.083ns period=4.166ns})
  Destination:            system_i/regfile_ctrl/U0/gext_inst.abcv4_0_ext_inst/GEN_AXI4.I_FULL_AXI/I_WR_CHNL/GEN_NARROW_CNT.narrow_addr_int_reg[0]_bret__3/D
                            (rising edge-triggered cell FDRE clocked by clk_pl_0  {rise@0.000ns fall@2.083ns period=4.166ns})
  Path Group:             clk_pl_0
  Path Type:              Setup (Max at Slow Process Corner)
  Requirement:            4.166ns  (clk_pl_0 rise@4.166ns - clk_pl_0 rise@0.000ns)
  Data Path Delay:        3.066ns  (logic 1.428ns (46.569%)  route 1.638ns (53.431%))
  Logic Levels:           7  (LOOKAHEAD8=4 LUT3=1 LUT4=1 LUTCY1=1)
  Clock Path Skew:        -0.150ns (DCD - SCD + CPR)
    Destination Clock Delay (DCD):    1.815ns = ( 5.981 - 4.166 ) 
    Source Clock Delay      (SCD):    2.117ns
    Clock Pessimism Removal (CPR):    0.152ns
  Clock Uncertainty:      0.073ns  (CJ)/2 + PE + PJ
    Clock Jitter             (CJ):    0.146ns
    Phase Error              (PE):    0.000ns
    Phase Jitter             (PJ):    0.000ns
  Clock Net Delay (Source):      1.976ns (routing 0.261ns, distribution 1.715ns)
  Clock Net Delay (Destination): 1.743ns (routing 0.238ns, distribution 1.505ns)

    Location             Delay type                Incr(ns)  Path(ns)    Netlist Resource(s)
  -------------------------------------------------------------------    -------------------
                         (clock clk_pl_0 rise edge)
                                                      0.000     0.000 r  
    PS9_X0Y0             PS9                          0.000     0.000 r  system_i/versal_cips_0/inst/pspmc_0/inst/PS9_inst/PMCRCLKCLK[0]
                         net (fo=1, routed)           0.000     0.000    system_i/versal_cips_0/inst/pspmc_0/inst/pmc_pl_ref_clk[0]
    BUFG_PS_X0Y6         BUFG_PS (Prop_BUFG_PS_I_O)
                                                      0.141     0.141 r  system_i/versal_cips_0/inst/pspmc_0/inst/buffer_pl_clk_0.PL_CLK_0_BUFG/O
    X1Y1 (CLOCK_ROOT)    net (fo=707, routed)         1.976     2.117    system_i/axi_noc_0/inst/M00_AXI_nsu/bd_04bc_M00_AXI_nsu_0_top_INST/aclk
    NOC_NSU512_X0Y0      NOC_NSU512                                   r  system_i/axi_noc_0/inst/M00_AXI_nsu/bd_04bc_M00_AXI_nsu_0_top_INST/NOC_NSU512_INST/CLK
  -------------------------------------------------------------------    -------------------
    NOC_NSU512_X0Y0      NOC_NSU512 (Prop_NSU_NOC_NSU512_CLK_IF_NOC_AXI_AWSIZE[0])
                                                      0.568     2.685 r  system_i/axi_noc_0/inst/M00_AXI_nsu/bd_04bc_M00_AXI_nsu_0_top_INST/NOC_NSU512_INST/IF_NOC_AXI_AWSIZE[0]
                         net (fo=32, routed)          0.734     3.419    system_i/regfile_ctrl/U0/gext_inst.abcv4_0_ext_inst/GEN_AXI4.I_FULL_AXI/I_WR_CHNL/s_axi_awsize[0]
    SLICE_X71Y27         LUT3 (Prop_H5LUT_SLICEM_I1_O)
                                                      0.224     3.643 f  system_i/regfile_ctrl/U0/gext_inst.abcv4_0_ext_inst/GEN_AXI4.I_FULL_AXI/I_WR_CHNL/GEN_NARROW_CNT_LD.narrow_burst_cnt_ld_reg[1]_i_2/O
                         net (fo=4, routed)           0.417     4.060    system_i/regfile_ctrl/U0/gext_inst.abcv4_0_ext_inst/GEN_AXI4.I_FULL_AXI/I_WR_CHNL/GEN_NARROW_CNT.narrow_addr_int_reg[0]_bret__3_i_32/I3
    SLICE_X69Y24         LUTCY1 (Prop_C5LUT_SLICEM_I3_PROP)
                                                      0.103     4.163 r  system_i/regfile_ctrl/U0/gext_inst.abcv4_0_ext_inst/GEN_AXI4.I_FULL_AXI/I_WR_CHNL/GEN_NARROW_CNT.narrow_addr_int_reg[0]_bret__3_i_32/LUTCY1_INST/PROP
                         net (fo=1, routed)           0.002     4.165    system_i/regfile_ctrl/U0/gext_inst.abcv4_0_ext_inst/GEN_AXI4.I_FULL_AXI/I_WR_CHNL/GEN_NARROW_CNT.narrow_addr_int_reg[0]_bret__3_i_32_n_3
    SLICE_X69Y24         LOOKAHEAD8 (Prop_LOOKAHEAD8_SLICEM_PROPC_COUTH)
                                                      0.243     4.408 r  system_i/regfile_ctrl/U0/gext_inst.abcv4_0_ext_inst/GEN_AXI4.I_FULL_AXI/I_WR_CHNL/GEN_NARROW_CNT.narrow_addr_int_reg[0]_bret__3_i_21/COUTH
                         net (fo=3, routed)           0.002     4.410    system_i/regfile_ctrl/U0/gext_inst.abcv4_0_ext_inst/GEN_AXI4.I_FULL_AXI/I_WR_CHNL/GEN_NARROW_CNT.narrow_addr_int_reg[0]_bret__3_i_21_n_3
    SLICE_X69Y25         LOOKAHEAD8 (Prop_LOOKAHEAD8_SLICEM_CIN_COUTH)
                                                      0.053     4.463 r  system_i/regfile_ctrl/U0/gext_inst.abcv4_0_ext_inst/GEN_AXI4.I_FULL_AXI/I_WR_CHNL/GEN_NARROW_CNT.narrow_addr_int_reg[0]_bret__3_i_12/COUTH
                         net (fo=3, routed)           0.002     4.465    system_i/regfile_ctrl/U0/gext_inst.abcv4_0_ext_inst/GEN_AXI4.I_FULL_AXI/I_WR_CHNL/GEN_NARROW_CNT.narrow_addr_int_reg[0]_bret__3_i_12_n_3
    SLICE_X69Y26         LOOKAHEAD8 (Prop_LOOKAHEAD8_SLICEM_CIN_COUTH)
                                                      0.053     4.518 r  system_i/regfile_ctrl/U0/gext_inst.abcv4_0_ext_inst/GEN_AXI4.I_FULL_AXI/I_WR_CHNL/GEN_NARROW_CNT.narrow_addr_int_reg[0]_bret__3_i_3/COUTH
                         net (fo=3, routed)           0.002     4.520    system_i/regfile_ctrl/U0/gext_inst.abcv4_0_ext_inst/GEN_AXI4.I_FULL_AXI/I_WR_CHNL/GEN_NARROW_CNT.narrow_addr_int_reg[0]_bret__3_i_3_n_3
    SLICE_X69Y27         LOOKAHEAD8 (Prop_LOOKAHEAD8_SLICEM_CIN_COUTH)
                                                      0.053     4.573 r  system_i/regfile_ctrl/U0/gext_inst.abcv4_0_ext_inst/GEN_AXI4.I_FULL_AXI/I_WR_CHNL/GEN_NARROW_CNT.narrow_addr_int_reg[0]_bret__3_i_2/COUTH
                         net (fo=2, routed)           0.398     4.971    system_i/regfile_ctrl/U0/gext_inst.abcv4_0_ext_inst/GEN_AXI4.I_FULL_AXI/I_WR_CHNL/GEN_NARROW_CNT.narrow_addr_int_reg[0]_bret__3_i_2_n_3
    SLICE_X68Y24         LUT4 (Prop_E6LUT_SLICEL_I0_O)
                                                      0.131     5.102 r  system_i/regfile_ctrl/U0/gext_inst.abcv4_0_ext_inst/GEN_AXI4.I_FULL_AXI/I_WR_CHNL/GEN_NARROW_CNT.narrow_addr_int[0]_bret__3_i_1/O
                         net (fo=1, routed)           0.081     5.183    system_i/regfile_ctrl/U0/gext_inst.abcv4_0_ext_inst/GEN_AXI4.I_FULL_AXI/I_WR_CHNL/GEN_NARROW_CNT.narrow_addr_int[0]_bret__3_i_1_n_0
    SLICE_X68Y24         FDRE                                         r  system_i/regfile_ctrl/U0/gext_inst.abcv4_0_ext_inst/GEN_AXI4.I_FULL_AXI/I_WR_CHNL/GEN_NARROW_CNT.narrow_addr_int_reg[0]_bret__3/D
  -------------------------------------------------------------------    -------------------

                         (clock clk_pl_0 rise edge)
                                                      4.166     4.166 r  
    PS9_X0Y0             PS9                          0.000     4.166 r  system_i/versal_cips_0/inst/pspmc_0/inst/PS9_inst/PMCRCLKCLK[0]
                         net (fo=1, routed)           0.000     4.166    system_i/versal_cips_0/inst/pspmc_0/inst/pmc_pl_ref_clk[0]
    BUFG_PS_X0Y6         BUFG_PS (Prop_BUFG_PS_I_O)
                                                      0.072     4.238 r  system_i/versal_cips_0/inst/pspmc_0/inst/buffer_pl_clk_0.PL_CLK_0_BUFG/O
    X1Y1 (CLOCK_ROOT)    net (fo=707, routed)         1.743     5.981    system_i/regfile_ctrl/U0/gext_inst.abcv4_0_ext_inst/GEN_AXI4.I_FULL_AXI/I_WR_CHNL/s_axi_aclk
    SLICE_X68Y24         FDRE                                         r  system_i/regfile_ctrl/U0/gext_inst.abcv4_0_ext_inst/GEN_AXI4.I_FULL_AXI/I_WR_CHNL/GEN_NARROW_CNT.narrow_addr_int_reg[0]_bret__3/C
                         clock pessimism              0.152     6.133    
                         clock uncertainty           -0.073     6.060    
    SLICE_X68Y24         FDRE (Setup_EFF2_SLICEL_C_D)
                                                     -0.002     6.058    system_i/regfile_ctrl/U0/gext_inst.abcv4_0_ext_inst/GEN_AXI4.I_FULL_AXI/I_WR_CHNL/GEN_NARROW_CNT.narrow_addr_int_reg[0]_bret__3
  -------------------------------------------------------------------
                         required time                          6.058    
                         arrival time                          -5.183    
  -------------------------------------------------------------------
                         slack                                  0.874    





Min Delay Paths
--------------------------------------------------------------------------------------
Slack (MET) :             0.082ns  (arrival time - required time)
  Source:                 system_i/regfile_ctrl/U0/gext_inst.abcv4_0_ext_inst/GEN_AXI4.I_FULL_AXI/I_WR_CHNL/GEN_WRDATA[20].bram_wrdata_int_reg[20]/C
                            (rising edge-triggered cell FDRE clocked by clk_pl_0  {rise@0.000ns fall@2.083ns period=4.166ns})
  Destination:            uut/reg_val_int_reg[5][20]/D
                            (rising edge-triggered cell FDRE clocked by clk_pl_0  {rise@0.000ns fall@2.083ns period=4.166ns})
  Path Group:             clk_pl_0
  Path Type:              Hold (Min at Slow Process Corner)
  Requirement:            0.000ns  (clk_pl_0 rise@0.000ns - clk_pl_0 rise@0.000ns)
  Data Path Delay:        0.284ns  (logic 0.091ns (32.073%)  route 0.193ns (67.927%))
  Logic Levels:           0  
  Clock Path Skew:        0.154ns (DCD - SCD - CPR)
    Destination Clock Delay (DCD):    2.131ns
    Source Clock Delay      (SCD):    1.825ns
    Clock Pessimism Removal (CPR):    0.152ns
  Clock Net Delay (Source):      1.753ns (routing 0.238ns, distribution 1.515ns)
  Clock Net Delay (Destination): 1.990ns (routing 0.261ns, distribution 1.729ns)

    Location             Delay type                Incr(ns)  Path(ns)    Netlist Resource(s)
  -------------------------------------------------------------------    -------------------
                         (clock clk_pl_0 rise edge)
                                                      0.000     0.000 r  
    PS9_X0Y0             PS9                          0.000     0.000 r  system_i/versal_cips_0/inst/pspmc_0/inst/PS9_inst/PMCRCLKCLK[0]
                         net (fo=1, routed)           0.000     0.000    system_i/versal_cips_0/inst/pspmc_0/inst/pmc_pl_ref_clk[0]
    BUFG_PS_X0Y6         BUFG_PS (Prop_BUFG_PS_I_O)
                                                      0.072     0.072 r  system_i/versal_cips_0/inst/pspmc_0/inst/buffer_pl_clk_0.PL_CLK_0_BUFG/O
    X1Y1 (CLOCK_ROOT)    net (fo=707, routed)         1.753     1.825    system_i/regfile_ctrl/U0/gext_inst.abcv4_0_ext_inst/GEN_AXI4.I_FULL_AXI/I_WR_CHNL/s_axi_aclk
    SLICE_X70Y13         FDRE                                         r  system_i/regfile_ctrl/U0/gext_inst.abcv4_0_ext_inst/GEN_AXI4.I_FULL_AXI/I_WR_CHNL/GEN_WRDATA[20].bram_wrdata_int_reg[20]/C
  -------------------------------------------------------------------    -------------------
    SLICE_X70Y13         FDRE (Prop_GFF2_SLICEL_C_Q)
                                                      0.091     1.916 r  system_i/regfile_ctrl/U0/gext_inst.abcv4_0_ext_inst/GEN_AXI4.I_FULL_AXI/I_WR_CHNL/GEN_WRDATA[20].bram_wrdata_int_reg[20]/Q
                         net (fo=14, routed)          0.193     2.109    uut/regfile_din[20]
    SLICE_X72Y13         FDRE                                         r  uut/reg_val_int_reg[5][20]/D
  -------------------------------------------------------------------    -------------------

                         (clock clk_pl_0 rise edge)
                                                      0.000     0.000 r  
    PS9_X0Y0             PS9                          0.000     0.000 r  system_i/versal_cips_0/inst/pspmc_0/inst/PS9_inst/PMCRCLKCLK[0]
                         net (fo=1, routed)           0.000     0.000    system_i/versal_cips_0/inst/pspmc_0/inst/pmc_pl_ref_clk[0]
    BUFG_PS_X0Y6         BUFG_PS (Prop_BUFG_PS_I_O)
                                                      0.141     0.141 r  system_i/versal_cips_0/inst/pspmc_0/inst/buffer_pl_clk_0.PL_CLK_0_BUFG/O
    X1Y1 (CLOCK_ROOT)    net (fo=707, routed)         1.990     2.131    uut/regfile_clk
    SLICE_X72Y13         FDRE                                         r  uut/reg_val_int_reg[5][20]/C
                         clock pessimism             -0.152     1.979    
    SLICE_X72Y13         FDRE (Hold_EFF_SLICEL_C_D)
                                                      0.048     2.027    uut/reg_val_int_reg[5][20]
  -------------------------------------------------------------------
                         required time                         -2.027    
                         arrival time                           2.109    
  -------------------------------------------------------------------
                         slack                                  0.082    





Pulse Width Checks
--------------------------------------------------------------------------------------
Clock Name:         clk_pl_0
Waveform(ns):       { 0.000 2.083 }
Period(ns):         4.166
Sources:            { system_i/versal_cips_0/inst/pspmc_0/inst/PS9_inst/PMCRCLKCLK[0] }

Check Type        Corner  Lib Pin         Reference Pin  Required(ns)  Actual(ns)  Slack(ns)  Location         Pin
Min Period        n/a     NOC_NSU512/CLK  n/a            2.106         4.166       2.060      NOC_NSU512_X0Y0  system_i/axi_noc_0/inst/M00_AXI_nsu/bd_04bc_M00_AXI_nsu_0_top_INST/NOC_NSU512_INST/CLK
Low Pulse Width   Slow    NOC_NSU512/CLK  n/a            1.053         2.083       1.030      NOC_NSU512_X0Y0  system_i/axi_noc_0/inst/M00_AXI_nsu/bd_04bc_M00_AXI_nsu_0_top_INST/NOC_NSU512_INST/CLK
High Pulse Width  Slow    NOC_NSU512/CLK  n/a            1.053         2.083       1.030      NOC_NSU512_X0Y0  system_i/axi_noc_0/inst/M00_AXI_nsu/bd_04bc_M00_AXI_nsu_0_top_INST/NOC_NSU512_INST/CLK



---------------------------------------------------------------------------------------------------
From Clock:  lpddr4_clk1_clk_p
  To Clock:  lpddr4_clk1_clk_p

Setup :           NA  Failing Endpoints,  Worst Slack           NA  ,  Total Violation           NA
Hold  :           NA  Failing Endpoints,  Worst Slack           NA  ,  Total Violation           NA
PW    :            0  Failing Endpoints,  Worst Slack        2.109ns,  Total Violation        0.000ns
---------------------------------------------------------------------------------------------------


Pulse Width Checks
--------------------------------------------------------------------------------------
Clock Name:         lpddr4_clk1_clk_p
Waveform(ns):       { 0.000 2.500 }
Period(ns):         5.000
Sources:            { lpddr4_clk1_clk_p }

Check Type        Corner  Lib Pin     Reference Pin  Required(ns)  Actual(ns)  Slack(ns)  Location   Pin
Min Period        n/a     XPLL/CLKIN  n/a            1.071         5.000       3.929      XPLL_X2Y0  system_i/axi_noc_0/inst/MC0_ddrc/inst/noc_ddr4_phy/inst/u_xpll0_bank1/CLKIN
Max Period        n/a     XPLL/CLKIN  n/a            10.000        5.000       5.000      XPLL_X2Y0  system_i/axi_noc_0/inst/MC0_ddrc/inst/noc_ddr4_phy/inst/u_xpll0_bank1/CLKIN
Low Pulse Width   Slow    XPLL/CLKIN  n/a            0.391         2.500       2.109      XPLL_X2Y0  system_i/axi_noc_0/inst/MC0_ddrc/inst/noc_ddr4_phy/inst/u_xpll0_bank1/CLKIN
High Pulse Width  Slow    XPLL/CLKIN  n/a            0.391         2.500       2.109      XPLL_X2Y0  system_i/axi_noc_0/inst/MC0_ddrc/inst/noc_ddr4_phy/inst/u_xpll0_bank1/CLKIN



---------------------------------------------------------------------------------------------------
From Clock:  bank1_clkout0
  To Clock:  bank1_clkout0

Setup :           NA  Failing Endpoints,  Worst Slack           NA  ,  Total Violation           NA
Hold  :           NA  Failing Endpoints,  Worst Slack           NA  ,  Total Violation           NA
PW    :            0  Failing Endpoints,  Worst Slack        0.010ns,  Total Violation        0.000ns
---------------------------------------------------------------------------------------------------


Pulse Width Checks
--------------------------------------------------------------------------------------
Clock Name:         bank1_clkout0
Waveform(ns):       { 0.000 0.541 }
Period(ns):         1.081
Sources:            { system_i/axi_noc_0/inst/MC0_ddrc/inst/noc_ddr4_phy/inst/u_xpll0_bank1/CLKOUT0 }

Check Type        Corner  Lib Pin     Reference Pin  Required(ns)  Actual(ns)  Slack(ns)  Location   Pin
Min Period        n/a     XPLL/CLKIN  n/a            1.071         1.081       0.010      XPLL_X0Y0  system_i/axi_noc_0/inst/MC0_ddrc/inst/noc_ddr4_phy/inst/u_xpll0_bank0/CLKIN
Max Period        n/a     XPLL/CLKIN  n/a            10.000        1.081       8.919      XPLL_X0Y0  system_i/axi_noc_0/inst/MC0_ddrc/inst/noc_ddr4_phy/inst/u_xpll0_bank0/CLKIN
Low Pulse Width   Slow    XPLL/CLKIN  n/a            0.391         0.541       0.150      XPLL_X0Y0  system_i/axi_noc_0/inst/MC0_ddrc/inst/noc_ddr4_phy/inst/u_xpll0_bank0/CLKIN
High Pulse Width  Slow    XPLL/CLKIN  n/a            0.391         0.541       0.150      XPLL_X0Y0  system_i/axi_noc_0/inst/MC0_ddrc/inst/noc_ddr4_phy/inst/u_xpll0_bank0/CLKIN



---------------------------------------------------------------------------------------------------
From Clock:  pll_clktoxphy[0]
  To Clock:  pll_clktoxphy[0]

Setup :           NA  Failing Endpoints,  Worst Slack           NA  ,  Total Violation           NA
Hold  :           NA  Failing Endpoints,  Worst Slack           NA  ,  Total Violation           NA
PW    :            0  Failing Endpoints,  Worst Slack        0.002ns,  Total Violation        0.000ns
---------------------------------------------------------------------------------------------------


Pulse Width Checks
--------------------------------------------------------------------------------------
Clock Name:         pll_clktoxphy[0]
Waveform(ns):       { 0.000 0.135 }
Period(ns):         0.270
Sources:            { system_i/axi_noc_0/inst/MC0_ddrc/inst/noc_ddr4_phy/inst/u_xpll0_bank0/CLKOUTPHY }

Check Type        Corner  Lib Pin       Reference Pin  Required(ns)  Actual(ns)  Slack(ns)  Location   Pin
Min Period        n/a     XPHY/PLL_CLK  n/a            0.268         0.270       0.002      XPHY_X0Y0  system_i/axi_noc_0/inst/MC0_ddrc/inst/noc_ddr4_phy/inst/BANK_WRAPPER_INST0/NIBBLE[0].UNISIM.I_XPHY/PLL_CLK
Low Pulse Width   Slow    XPHY/PLL_CLK  n/a            0.107         0.135       0.028      XPHY_X0Y0  system_i/axi_noc_0/inst/MC0_ddrc/inst/noc_ddr4_phy/inst/BANK_WRAPPER_INST0/NIBBLE[0].UNISIM.I_XPHY/PLL_CLK
High Pulse Width  Slow    XPHY/PLL_CLK  n/a            0.107         0.135       0.028      XPHY_X0Y0  system_i/axi_noc_0/inst/MC0_ddrc/inst/noc_ddr4_phy/inst/BANK_WRAPPER_INST0/NIBBLE[0].UNISIM.I_XPHY/PLL_CLK



---------------------------------------------------------------------------------------------------
From Clock:  bank1_xpll0_fifo_rd_clk
  To Clock:  bank1_xpll0_fifo_rd_clk

Setup :           NA  Failing Endpoints,  Worst Slack           NA  ,  Total Violation           NA
Hold  :           NA  Failing Endpoints,  Worst Slack           NA  ,  Total Violation           NA
PW    :            0  Failing Endpoints,  Worst Slack        0.009ns,  Total Violation        0.000ns
---------------------------------------------------------------------------------------------------


Pulse Width Checks
--------------------------------------------------------------------------------------
Clock Name:         bank1_xpll0_fifo_rd_clk
Waveform(ns):       { 0.000 0.541 }
Period(ns):         1.081
Sources:            { system_i/axi_noc_0/inst/MC0_ddrc/inst/noc_ddr4_phy/inst/u_xpll0_bank1/CLKOUT2 }

Check Type        Corner  Lib Pin           Reference Pin  Required(ns)  Actual(ns)  Slack(ns)  Location   Pin
Min Period        n/a     XPHY/FIFO_RD_CLK  n/a            1.072         1.081       0.009      XPHY_X0Y0  system_i/axi_noc_0/inst/MC0_ddrc/inst/noc_ddr4_phy/inst/BANK_WRAPPER_INST0/NIBBLE[0].UNISIM.I_XPHY/FIFO_RD_CLK
Low Pulse Width   Slow    XPHY/FIFO_RD_CLK  n/a            0.429         0.541       0.112      XPHY_X0Y0  system_i/axi_noc_0/inst/MC0_ddrc/inst/noc_ddr4_phy/inst/BANK_WRAPPER_INST0/NIBBLE[0].UNISIM.I_XPHY/FIFO_RD_CLK
High Pulse Width  Slow    XPHY/FIFO_RD_CLK  n/a            0.429         0.541       0.112      XPHY_X0Y0  system_i/axi_noc_0/inst/MC0_ddrc/inst/noc_ddr4_phy/inst/BANK_WRAPPER_INST0/NIBBLE[0].UNISIM.I_XPHY/FIFO_RD_CLK



---------------------------------------------------------------------------------------------------
From Clock:  mc_clk_xpll
  To Clock:  mc_clk_xpll

Setup :           NA  Failing Endpoints,  Worst Slack           NA  ,  Total Violation           NA
Hold  :           NA  Failing Endpoints,  Worst Slack           NA  ,  Total Violation           NA
PW    :            0  Failing Endpoints,  Worst Slack        0.010ns,  Total Violation        0.000ns
---------------------------------------------------------------------------------------------------


Pulse Width Checks
--------------------------------------------------------------------------------------
Clock Name:         mc_clk_xpll
Waveform(ns):       { 0.000 0.541 }
Period(ns):         1.081
Sources:            { system_i/axi_noc_0/inst/MC0_ddrc/inst/noc_ddr4_phy/inst/u_xpll0_bank1/CLKOUT1 }

Check Type  Corner  Lib Pin       Reference Pin  Required(ns)  Actual(ns)  Slack(ns)  Location   Pin
Min Period  n/a     XPLL/CLKOUT1  n/a            1.071         1.081       0.010      XPLL_X2Y0  system_i/axi_noc_0/inst/MC0_ddrc/inst/noc_ddr4_phy/inst/u_xpll0_bank1/CLKOUT1



---------------------------------------------------------------------------------------------------
From Clock:  pll_clk_xpll
  To Clock:  pll_clk_xpll

Setup :           NA  Failing Endpoints,  Worst Slack           NA  ,  Total Violation           NA
Hold  :           NA  Failing Endpoints,  Worst Slack           NA  ,  Total Violation           NA
PW    :            0  Failing Endpoints,  Worst Slack        0.002ns,  Total Violation        0.000ns
---------------------------------------------------------------------------------------------------


Pulse Width Checks
--------------------------------------------------------------------------------------
Clock Name:         pll_clk_xpll
Waveform(ns):       { 0.000 0.135 }
Period(ns):         0.270
Sources:            { system_i/axi_noc_0/inst/MC0_ddrc/inst/noc_ddr4_phy/inst/u_xpll0_bank1/CLKOUTPHY }

Check Type        Corner  Lib Pin       Reference Pin  Required(ns)  Actual(ns)  Slack(ns)  Location   Pin
Min Period        n/a     XPHY/PLL_CLK  n/a            0.268         0.270       0.002      XPHY_X9Y0  system_i/axi_noc_0/inst/MC0_ddrc/inst/noc_ddr4_phy/inst/BANK_WRAPPER_INST1/NIBBLE[0].UNISIM.I_XPHY/PLL_CLK
Low Pulse Width   Slow    XPHY/PLL_CLK  n/a            0.107         0.135       0.028      XPHY_X9Y0  system_i/axi_noc_0/inst/MC0_ddrc/inst/noc_ddr4_phy/inst/BANK_WRAPPER_INST1/NIBBLE[0].UNISIM.I_XPHY/PLL_CLK
High Pulse Width  Slow    XPHY/PLL_CLK  n/a            0.107         0.135       0.028      XPHY_X9Y0  system_i/axi_noc_0/inst/MC0_ddrc/inst/noc_ddr4_phy/inst/BANK_WRAPPER_INST1/NIBBLE[0].UNISIM.I_XPHY/PLL_CLK



